Layer 2
1
iteration 0, 271.263955116 sec
iteration 1, 237.479908943 sec
iteration 2, 277.855353832 sec
iteration 3, 279.500125885 sec
iteration 4, 328.471060038 sec
2
iteration 0, 204.421471119 sec
iteration 1, 231.210446119 sec
iteration 2, 193.777046919 sec
iteration 3, 194.060828924 sec
iteration 4, 331.649245977 sec
4
iteration 0, 122.170233965 sec
iteration 1, 129.755677938 sec
iteration 2, 204.272927046 sec
iteration 3, 268.348053932 sec
iteration 4, 124.149523973 sec
8
iteration 0, 133.150751114 sec
iteration 1, 100.646561861 sec
iteration 2, 110.595416069 sec
iteration 3, 97.8434610367 sec
iteration 4, 120.333726883 sec
16
iteration 0, 92.8172430992 sec
iteration 1, 91.1655571461 sec
iteration 2, 89.9346580505 sec
iteration 3, 94.4305458069 sec
iteration 4, 91.2574789524 sec
32
iteration 0, 60.9458169937 sec
iteration 1, 58.1658880711 sec
iteration 2, 53.6600050926 sec
iteration 3, 56.934648037 sec
iteration 4, 54.2938017845 sec
64
iteration 0, 31.8561601639 sec
iteration 1, 29.9745290279 sec
iteration 2, 33.5310192108 sec
iteration 3, 32.3901770115 sec
iteration 4, 29.8534648418 sec
128
iteration 0, 5.01074004173 sec
iteration 1, 7.61002397537 sec
iteration 2, 4.88791918755 sec
iteration 3, 4.46788311005 sec
iteration 4, 5.51785993576 sec
